# do {seven_srg_mux_tb_compile.do}
# Model Technology ModelSim PE vmap 10.4c Lib Mapping Utility 2015.07 Jul 20 2015
# vmap xil_defaultlib msim/xil_defaultlib 
# Modifying modelsim.ini
# ** Warning: (vlog-159) Mode option -64 is not supported in this context and will be ignored.
# 
# Model Technology ModelSim PE vlog 10.4c Compiler 2015.07 Jul 20 2015
# Start time: 15:41:38 on Dec 19,2024
# vlog -64 -incr -work xil_defaultlib ../../../number_guess.srcs/sources_1/new/ps2_keyboard.v ../../../number_guess.srcs/sources_1/new/MP3.v ../../../number_guess.srcs/sources_1/new/top.v ../../../number_guess.srcs/sources_1/new/random_number_generator.v ../../../number_guess.srcs/sources_1/new/clk_divider.v ../../../number_guess.srcs/sources_1/new/mux_7seg.v ../../../number_guess.srcs/sim_1/imports/new/clk_timer_tb.v ../../../number_guess.srcs/sim_1/imports/new/seven_seg_mux_tb.v ../../../number_guess.srcs/sim_1/imports/new/ps2_keyboard_tb.v 
# -- Compiling module ps2_keyboard
# -- Compiling module mp3_player
# -- Compiling module top
# -- Compiling module random_number_generator
# -- Compiling module clk_timer
# -- Compiling module seven_seg_mux
# -- Compiling module clk_timer_tb
# -- Compiling module seven_srg_mux_tb
# -- Compiling module ps2_keyboard_tb
# 
# Top level modules:
# 	top
# 	clk_timer_tb
# 	seven_srg_mux_tb
# 	ps2_keyboard_tb
# End time: 15:41:38 on Dec 19,2024, Elapsed time: 0:00:00
# Errors: 0, Warnings: 1
# Model Technology ModelSim PE vlog 10.4c Compiler 2015.07 Jul 20 2015
# Start time: 15:41:38 on Dec 19,2024
# vlog -work xil_defaultlib glbl.v 
# -- Compiling module glbl
# 
# Top level modules:
# 	glbl
# End time: 15:41:38 on Dec 19,2024, Elapsed time: 0:00:00
# Errors: 0, Warnings: 0
