# do {seven_srg_mux_tb_simulate.do}
# vsim -voptargs=""+acc"" -L unisims_ver -L unimacro_ver -L secureip -L xil_defaultlib -lib xil_defaultlib xil_defaultlib.seven_srg_mux_tb xil_defaultlib.glbl 
# Start time: 15:41:59 on Dec 19,2024
# //  ModelSim PE 10.4c Jul 20 2015 
# //
# //  Copyright 1991-2015 Mentor Graphics Corporation
# //  All Rights Reserved.
# //
# //  THIS WORK CONTAINS TRADE SECRET AND PROPRIETARY INFORMATION
# //  WHICH IS THE PROPERTY OF MENTOR GRAPHICS CORPORATION OR ITS
# //  LICENSORS AND IS SUBJECT TO LICENSE TERMS.
# //  THIS DOCUMENT CONTAINS TRADE SECRETS AND COMMERCIAL OR FINANCIAL
# //  INFORMATION THAT ARE PRIVILEGED, CONFIDENTIAL, AND EXEMPT FROM
# //  DISCLOSURE UNDER THE FREEDOM OF INFORMATION ACT, 5 U.S.C. SECTION 552.
# //  FURTHERMORE, THIS INFORMATION IS PROHIBITED FROM DISCLOSURE UNDER
# //  THE TRADE SECRETS ACT, 18 U.S.C. SECTION 1905.
# //
# Loading xil_defaultlib.seven_srg_mux_tb
# Loading xil_defaultlib.seven_seg_mux
# Loading xil_defaultlib.glbl
# ** Warning: (vsim-3017) ../../../number_guess.srcs/sim_1/imports/new/seven_seg_mux_tb.v(35): [TFMPC] - Too few port connections. Expected 7, found 5.
#    Time: 0 ps  Iteration: 0  Instance: /seven_srg_mux_tb/uut File: ../../../number_guess.srcs/sources_1/new/mux_7seg.v
# ** Warning: (vsim-3015) ../../../number_guess.srcs/sim_1/imports/new/seven_seg_mux_tb.v(35): [PCDPC] - Port size (10) does not match connection size (8) for port 'final_input'. The port definition is at: ../../../number_guess.srcs/sources_1/new/mux_7seg.v(23).
#    Time: 0 ps  Iteration: 0  Instance: /seven_srg_mux_tb/uut File: ../../../number_guess.srcs/sources_1/new/mux_7seg.v
# ** Warning: (vsim-3722) ../../../number_guess.srcs/sim_1/imports/new/seven_seg_mux_tb.v(35): [TFMPC] - Missing connection for port 'input_confirmed'.
# ** Warning: (vsim-3722) ../../../number_guess.srcs/sim_1/imports/new/seven_seg_mux_tb.v(35): [TFMPC] - Missing connection for port 'an'.
# .main_pane.wave.interior.cs.body.pw.wf
# .main_pane.structure.interior.cs.body.struct
# .main_pane.objects.interior.cs.body.tree
# Time=0ns, final_input=123, clk_out= 45, seg_display=1000000
# Time=250ns, final_input=200, clk_out= 30, seg_display=1000000
# Time=450ns, final_input= 99, clk_out= 15, seg_display=1000000
# ** Note: $finish    : ../../../number_guess.srcs/sim_1/imports/new/seven_seg_mux_tb.v(64)
#    Time: 950 ns  Iteration: 0  Instance: /seven_srg_mux_tb
# 1
# Break in Module seven_srg_mux_tb at ../../../number_guess.srcs/sim_1/imports/new/seven_seg_mux_tb.v line 64
# End time: 18:22:17 on Dec 19,2024, Elapsed time: 2:40:18
# Errors: 0, Warnings: 4
